gfortran: warning: shr_kind_mod.o: linker input file unused because linking not done
gfortran: warning: shr_const_mod.o: linker input file unused because linking not done
gfortran: warning: cam_logfile.o: linker input file unused because linking not done
gfortran: warning: spmd_utils.o: linker input file unused because linking not done
gfortran: warning: abortutils.o: linker input file unused because linking not done
gfortran: warning: cam_abortutils.o: linker input file unused because linking not done
gfortran: warning: ppgrid.o: linker input file unused because linking not done
gfortran: warning: pmgrid.o: linker input file unused because linking not done
gfortran: warning: constituents.o: linker input file unused because linking not done
gfortran: warning: radconstants.o: linker input file unused because linking not done
gfortran: warning: physconst.o: linker input file unused because linking not done
gfortran: warning: cam_history.o: linker input file unused because linking not done
gfortran: warning: units.o: linker input file unused because linking not done
gfortran: warning: ref_pres.o: linker input file unused because linking not done
gfortran: warning: physics_buffer.o: linker input file unused because linking not done
gfortran: warning: physics_types.o: linker input file unused because linking not done
gfortran: warning: phys_control.o: linker input file unused because linking not done
gfortran: warning: mo_constants.o: linker input file unused because linking not done
gfortran: warning: chem_mods.o: linker input file unused because linking not done
gfortran: warning: mo_tracname.o: linker input file unused because linking not done
gfortran: warning: mo_chem_utls.o: linker input file unused because linking not done
gfortran: warning: gffgch.o: linker input file unused because linking not done
gfortran: warning: wv_saturation.o: linker input file unused because linking not done
gfortran: warning: error_function.o: linker input file unused because linking not done
gfortran: warning: shr_spfn_mod.o: linker input file unused because linking not done
gfortran: warning: infnan.o: linker input file unused because linking not done
gfortran: warning: seasalt_model.o: linker input file unused because linking not done
gfortran: warning: time_manager.o: linker input file unused because linking not done
gfortran: warning: aerodep_flx.o: linker input file unused because linking not done
gfortran: warning: modal_aero_convproc.o: linker input file unused because linking not done
gfortran: warning: modal_aero_deposition.o: linker input file unused because linking not done
gfortran: warning: modal_aero_data.o: linker input file unused because linking not done
gfortran: warning: rad_constituents.o: linker input file unused because linking not done
gfortran: warning: modal_aero_rename.o: linker input file unused because linking not done
gfortran: warning: modal_aero_calcsize.o: linker input file unused because linking not done
gfortran: warning: modal_aero_gasaerexch.o: linker input file unused because linking not done
gfortran: warning: modal_aero_newnuc.o: linker input file unused because linking not done
gfortran: warning: modal_aero_coag.o: linker input file unused because linking not done
gfortran: warning: modal_aero_amicphys.o: linker input file unused because linking not done
gfortran: warning: modal_aero_wateruptake.o: linker input file unused because linking not done
gfortran: warning: modal_aero_initialize_data.o: linker input file unused because linking not done
gfortran: warning: gaschem_simple.o: linker input file unused because linking not done
gfortran: warning: cloudchem_simple.o: linker input file unused because linking not done
gfortran: warning: driver.o: linker input file unused because linking not done
ERROR STOP *** Encountered 1 or more failures/errors during testing. ***
make: *** [all] Error 1
